current directory: /home/redmine/redmine/vendor/bundle/ruby/2.3.0/gems/redcarpet-3.4.0/ext/redcarpet
/usr/bin/ruby2.3 -r ./siteconf20180115-1886-7ube3m.rb extconf.rb
creating Makefile

current directory: /home/redmine/redmine/vendor/bundle/ruby/2.3.0/gems/redcarpet-3.4.0/ext/redcarpet
make "DESTDIR=" clean

current directory: /home/redmine/redmine/vendor/bundle/ruby/2.3.0/gems/redcarpet-3.4.0/ext/redcarpet
make "DESTDIR="
compiling buffer.c
buffer.c: In function 'bufcstr':
buffer.c:111:2: warning: passing argument 1 of 'bufgrow' discards 'const' qualifier from pointer target type [enabled by default]
  if (buf->size + 1 <= buf->asize || bufgrow(buf, buf->size + 1) == BUF_OK) {
  ^
buffer.c:60:1: note: expected 'struct buf *' but argument is of type 'const struct buf *'
 bufgrow(struct buf *buf, size_t neosz)
 ^
compiling autolink.c
compiling houdini_href_e.c
compiling rc_markdown.c
compiling houdini_html_e.c
compiling stack.c
compiling rc_render.c
compiling markdown.c
markdown.c: In function 'sd_markdown_render':
markdown.c:2836:3: warning: passing argument 1 of 'is_codefence' discards 'const' qualifier from pointer target type [enabled by default]
   if (codefences_enabled && (is_codefence(document + beg, doc_size - beg, NULL) != 0))
   ^
markdown.c:1389:1: note: expected 'uint8_t *' but argument is of type 'const uint8_t *'
 is_codefence(uint8_t *data, size_t size, struct buf *syntax)
 ^
compiling html_smartypants.c
compiling html.c
linking shared-object redcarpet.so

current directory: /home/redmine/redmine/vendor/bundle/ruby/2.3.0/gems/redcarpet-3.4.0/ext/redcarpet
make "DESTDIR=" install
/usr/bin/install -c -m 0755 redcarpet.so ./.gem.20180115-1886-116lsh
